app/build/intermediates/manifest_merge_blame_file/debug/manifest-merger-blame-debug-report.txt
1<?xml version="1.0" encoding="utf-8"?>
2<manifest xmlns:android="http://schemas.android.com/apk/res/android"
3    package="com.example.didaktikapp"
4    android:versionCode="1"
5    android:versionName="1.0" >
6
7    <uses-sdk
8        android:minSdkVersion="16"
8-->src/main/AndroidManifest.xml
9        android:targetSdkVersion="30" />
9-->src/main/AndroidManifest.xml
10    <!-- Permiso para la localizacion del usuario en la parte del mapa -->
11    <uses-permission android:name="android.permission.ACCESS_FINE_LOCATION" />
11-->src/main/AndroidManifest.xml:5:5-79
11-->src/main/AndroidManifest.xml:5:22-76
12
13    <!-- Include required permissions for Google Maps API to run. -->
14    <uses-permission android:name="android.permission.ACCESS_NETWORK_STATE" />
14-->[com.google.android.gms:play-services-maps:17.0.0] AndroidManifest.xml:23:5-79
14-->[com.google.android.gms:play-services-maps:17.0.0] AndroidManifest.xml:23:22-76
15    <uses-permission android:name="android.permission.INTERNET" />
15-->[com.google.android.gms:play-services-maps:17.0.0] AndroidManifest.xml:24:5-67
15-->[com.google.android.gms:play-services-maps:17.0.0] AndroidManifest.xml:24:22-64
16
17    <uses-feature
17-->[com.google.android.gms:play-services-maps:17.0.0] AndroidManifest.xml:26:5-28:35
18        android:glEsVersion="0x00020000"
18-->[com.google.android.gms:play-services-maps:17.0.0] AndroidManifest.xml:27:9-41
19        android:required="true" />
19-->[com.google.android.gms:play-services-maps:17.0.0] AndroidManifest.xml:28:9-32
20
21    <application
21-->src/main/AndroidManifest.xml:7:5-61:19
22        android:name="androidx.multidex.MultiDexApplication"
23        android:allowBackup="true"
23-->src/main/AndroidManifest.xml:8:9-35
24        android:appComponentFactory="androidx.core.app.CoreComponentFactory"
24-->[androidx.core:core:1.3.1] AndroidManifest.xml:24:18-86
25        android:debuggable="true"
26        android:hardwareAccelerated="true"
26-->src/main/AndroidManifest.xml:9:9-43
27        android:icon="@mipmap/ic_launcher"
27-->src/main/AndroidManifest.xml:10:9-43
28        android:label="@string/app_name"
28-->src/main/AndroidManifest.xml:11:9-41
29        android:roundIcon="@mipmap/ic_launcher_round"
29-->src/main/AndroidManifest.xml:12:9-54
30        android:supportsRtl="true"
30-->src/main/AndroidManifest.xml:13:9-35
31        android:testOnly="true"
32        android:theme="@style/Theme.Didaktikapp" >
32-->src/main/AndroidManifest.xml:14:9-49
33        <activity
33-->src/main/AndroidManifest.xml:15:9-18:65
34            android:name="com.example.didaktikapp.DialogoActivity"
34-->src/main/AndroidManifest.xml:16:13-44
35            android:supportsRtl="true"
35-->src/main/AndroidManifest.xml:17:13-39
36            android:theme="@style/Theme.AppCompat.Translucent" />
36-->src/main/AndroidManifest.xml:18:13-63
37        <activity
37-->src/main/AndroidManifest.xml:20:9-22:53
38            android:name="com.example.didaktikapp.PuzzleActivity"
38-->src/main/AndroidManifest.xml:21:13-43
39            android:screenOrientation="landscape" />
39-->src/main/AndroidManifest.xml:22:13-50
40
41        <meta-data
41-->src/main/AndroidManifest.xml:24:9-26:55
42            android:name="com.google.android.geo.API_KEY"
42-->src/main/AndroidManifest.xml:25:13-58
43            android:value="@string/google_maps_key" />
43-->src/main/AndroidManifest.xml:26:13-52
44
45        <activity android:name="com.example.didaktikapp.MainActivity" >
45-->src/main/AndroidManifest.xml:28:9-36:20
45-->src/main/AndroidManifest.xml:28:19-47
46
47            <!-- android:theme="@style/SplashTheme"/> Aquí llamamos nuestro tema -->
48            <intent-filter>
48-->src/main/AndroidManifest.xml:31:13-35:29
49                <action android:name="android.intent.action.MAIN" />
49-->src/main/AndroidManifest.xml:32:17-69
49-->src/main/AndroidManifest.xml:32:25-66
50
51                <category android:name="android.intent.category.LAUNCHER" />
51-->src/main/AndroidManifest.xml:34:17-77
51-->src/main/AndroidManifest.xml:34:27-74
52            </intent-filter>
53        </activity>
54        <activity
54-->src/main/AndroidManifest.xml:37:9-39:59
55            android:name="com.example.didaktikapp.MapsActivity"
55-->src/main/AndroidManifest.xml:38:13-41
56            android:label="@string/title_activity_maps" />
56-->src/main/AndroidManifest.xml:39:13-56
57        <activity android:name="com.example.didaktikapp.CrucigramaActivity" />
57-->src/main/AndroidManifest.xml:40:9-56
57-->src/main/AndroidManifest.xml:40:19-53
58        <activity android:name="com.example.didaktikapp.VideoCrucigramaActivity" />
58-->src/main/AndroidManifest.xml:42:9-61
58-->src/main/AndroidManifest.xml:42:19-58
59        <activity android:name="com.example.didaktikapp.MenuPrincipalActivity" />
59-->src/main/AndroidManifest.xml:44:9-59
59-->src/main/AndroidManifest.xml:44:19-56
60        <activity android:name="com.example.didaktikapp.MemoramaActivity" >
60-->src/main/AndroidManifest.xml:46:9-48:20
60-->src/main/AndroidManifest.xml:46:19-51
61        </activity>
62        <activity android:name="com.example.didaktikapp.AhorcadoActivity" >
62-->src/main/AndroidManifest.xml:49:9-51:20
62-->src/main/AndroidManifest.xml:49:19-51
63        </activity>
64        <activity android:name="com.example.didaktikapp.MensajeMisteriosoActivity" >
64-->src/main/AndroidManifest.xml:52:9-54:20
64-->src/main/AndroidManifest.xml:52:19-60
65        </activity>
66        <activity android:name="com.example.didaktikapp.RellenarHuecosActivity" >
66-->src/main/AndroidManifest.xml:55:9-57:20
66-->src/main/AndroidManifest.xml:55:19-57
67        </activity>
68
69        <meta-data
69-->src/main/AndroidManifest.xml:58:9-60:57
70            android:name="preloaded_fonts"
70-->src/main/AndroidManifest.xml:59:13-43
71            android:resource="@array/preloaded_fonts" />
71-->src/main/AndroidManifest.xml:60:13-54
72        <!-- Needs to be explicitly declared on P+ -->
73        <uses-library
73-->[com.google.android.gms:play-services-maps:17.0.0] AndroidManifest.xml:33:9-35:40
74            android:name="org.apache.http.legacy"
74-->[com.google.android.gms:play-services-maps:17.0.0] AndroidManifest.xml:34:13-50
75            android:required="false" />
75-->[com.google.android.gms:play-services-maps:17.0.0] AndroidManifest.xml:35:13-37
76
77        <activity
77-->[com.google.android.gms:play-services-base:17.0.0] AndroidManifest.xml:23:9-26:75
78            android:name="com.google.android.gms.common.api.GoogleApiActivity"
78-->[com.google.android.gms:play-services-base:17.0.0] AndroidManifest.xml:24:13-79
79            android:exported="false"
79-->[com.google.android.gms:play-services-base:17.0.0] AndroidManifest.xml:25:13-37
80            android:theme="@android:style/Theme.Translucent.NoTitleBar" />
80-->[com.google.android.gms:play-services-base:17.0.0] AndroidManifest.xml:26:13-72
81
82        <meta-data
82-->[com.google.android.gms:play-services-basement:17.0.0] AndroidManifest.xml:23:9-25:69
83            android:name="com.google.android.gms.version"
83-->[com.google.android.gms:play-services-basement:17.0.0] AndroidManifest.xml:24:13-58
84            android:value="@integer/google_play_services_version" />
84-->[com.google.android.gms:play-services-basement:17.0.0] AndroidManifest.xml:25:13-66
85    </application>
86
87</manifest>